android/app/build/intermediates/manifest_merge_blame_file/release/manifest-merger-blame-release-report.txt
1<?xml version="1.0" encoding="utf-8"?>
2<manifest xmlns:android="http://schemas.android.com/apk/res/android"
3    package="com.liveasy.liveasy"
4    android:installLocation="auto"
5    android:versionCode="100"
6    android:versionName="1.0.0" >
7
8    <uses-sdk
9        android:minSdkVersion="21"
9-->src\main\AndroidManifest.xml
10        android:targetSdkVersion="31" />
10-->src\main\AndroidManifest.xml
11
12    <uses-permission android:name="android.permission.INTERNET" />
12-->src\main\AndroidManifest.xml:9:5-67
12-->src\main\AndroidManifest.xml:9:22-64
13    <uses-permission android:name="android.permission.RECORD_AUDIO" />
13-->src\main\AndroidManifest.xml:10:5-70
13-->src\main\AndroidManifest.xml:10:22-68
14    <uses-permission android:name="android.permission.BLUETOOTH" />
14-->src\main\AndroidManifest.xml:11:5-67
14-->src\main\AndroidManifest.xml:11:22-65
15    <uses-permission android:name="android.permission.BLUETOOTH_ADMIN" />
15-->src\main\AndroidManifest.xml:12:5-73
15-->src\main\AndroidManifest.xml:12:22-71
16    <uses-permission android:name="android.permission.BLUETOOTH_CONNECT" />
16-->src\main\AndroidManifest.xml:13:5-75
16-->src\main\AndroidManifest.xml:13:22-73
17    <uses-permission android:name="android.permission.ACCESS_COARSE_LOCATION" />
17-->src\main\AndroidManifest.xml:14:5-81
17-->src\main\AndroidManifest.xml:14:22-78
18    <uses-permission android:name="android.permission.ACCESS_FINE_LOCATION" />
18-->src\main\AndroidManifest.xml:15:5-79
18-->src\main\AndroidManifest.xml:15:22-76
19    <!-- <uses-permission android:name="android.permission.ACCESS_COARSE_LOCATION" /> -->
20    <!-- <uses-permission android:name="android.permission.ACCESS_FINE_LOCATION" /> -->
21    <!-- <uses-permission android:name="android.permission.QUERY_ALL_PACKAGES"/> //this queries all packages , unless alternative for specific phone is found I am placing this here. -->
22    <!-- <uses-permission android:name="android.permission.READ_CONTACTS"/> -->
23    <!-- <uses-permission android:name="android.permission.WRITE_CONTACTS"/> -->
24    <uses-permission android:name="android.permission.READ_PHONE_STATE" />
24-->src\main\AndroidManifest.xml:21:5-74
24-->src\main\AndroidManifest.xml:21:22-72
25    <uses-permission android:name="android.permission.GET_ACCOUNTS" />
25-->src\main\AndroidManifest.xml:22:5-70
25-->src\main\AndroidManifest.xml:22:22-68
26    <uses-permission android:name="android.permission.CAMERA" />
26-->src\main\AndroidManifest.xml:23:5-65
26-->src\main\AndroidManifest.xml:23:22-62
27    <uses-permission android:name="android.permission.READ_PHONE_NUMBERS" />
27-->src\main\AndroidManifest.xml:24:5-77
27-->src\main\AndroidManifest.xml:24:22-74
28    <uses-permission android:name="android.permission.WAKE_LOCK" />
28-->src\main\AndroidManifest.xml:25:5-68
28-->src\main\AndroidManifest.xml:25:22-65
29    <uses-permission android:name="android.permission.FOREGROUND_SERVICE" />
29-->src\main\AndroidManifest.xml:26:5-76
29-->src\main\AndroidManifest.xml:26:22-74
30    <uses-permission android:name="android.permission.REQUEST_IGNORE_BATTERY_OPTIMIZATIONS" />
30-->src\main\AndroidManifest.xml:27:5-95
30-->src\main\AndroidManifest.xml:27:22-92
31    <uses-permission android:name="android.permission.RECEIVE_BOOT_COMPLETED" />
31-->src\main\AndroidManifest.xml:28:5-80
31-->src\main\AndroidManifest.xml:28:22-78
32    <!--
33         io.flutter.app.FlutterApplication is an android.app.Application that
34         calls FlutterMain.startInitialization(this); in its onCreate method.
35         In most cases you can leave this as-is, but you if you want to provide
36         additional functionality it is fine to subclass or reimplement
37         FlutterApplication and put your custom class here.
38    -->
39    <queries>
39-->src\main\AndroidManifest.xml:34:5-38:15
40        <intent>
40-->src\main\AndroidManifest.xml:35:9-37:18
41            <action android:name="android.speech.RecognitionService" />
41-->src\main\AndroidManifest.xml:36:13-72
41-->src\main\AndroidManifest.xml:36:21-69
42        </intent>
43        <!-- Needs to be explicitly declared on Android R+ -->
44        <package android:name="com.google.android.apps.maps" />
44-->[com.google.android.gms:play-services-maps:18.0.2] AndroidManifest.xml:33:9-64
44-->[com.google.android.gms:play-services-maps:18.0.2] AndroidManifest.xml:33:18-61
45    </queries>
46
47    <uses-permission android:name="android.permission.ACCESS_NETWORK_STATE" />
47-->[:firebase_messaging] AndroidManifest.xml:9:5-79
47-->[:firebase_messaging] AndroidManifest.xml:9:22-76
48    <uses-permission android:name="android.permission.VIBRATE" />
48-->[:flutter_local_notifications] AndroidManifest.xml:8:5-66
48-->[:flutter_local_notifications] AndroidManifest.xml:8:22-63
49    <uses-permission android:name="android.permission.USE_FULL_SCREEN_INTENT" />
49-->[:flutter_local_notifications] AndroidManifest.xml:9:5-81
49-->[:flutter_local_notifications] AndroidManifest.xml:9:22-78
50    <uses-permission android:name="android.permission.SCHEDULE_EXACT_ALARM" />
50-->[:flutter_local_notifications] AndroidManifest.xml:10:5-79
50-->[:flutter_local_notifications] AndroidManifest.xml:10:22-76
51
52    <meta-data
52-->src\main\AndroidManifest.xml:98:9-100:33
53        android:name="flutterEmbedding"
53-->src\main\AndroidManifest.xml:99:13-44
54        android:value="2" />
54-->src\main\AndroidManifest.xml:100:13-30
55
56    <uses-permission android:name="android.permission.RECEIVE_SMS" /> <!-- Create a unique permission for your app and use it so only your app can receive your OneSignal messages. -->
56-->[:alt_sms_autofill] AndroidManifest.xml:9:5-70
56-->[:alt_sms_autofill] AndroidManifest.xml:9:22-67
57    <permission
57-->[com.onesignal:OneSignal:4.7.3] AndroidManifest.xml:7:5-9:47
58        android:name="com.liveasy.liveasy.permission.C2D_MESSAGE"
58-->[com.onesignal:OneSignal:4.7.3] AndroidManifest.xml:8:9-63
59        android:protectionLevel="signature" />
59-->[com.onesignal:OneSignal:4.7.3] AndroidManifest.xml:9:9-44
60
61    <uses-permission android:name="com.liveasy.liveasy.permission.C2D_MESSAGE" /> <!-- c2dm RECEIVE are basic requirements for push messages through Google's FCM -->
61-->[com.onesignal:OneSignal:4.7.3] AndroidManifest.xml:11:5-79
61-->[com.onesignal:OneSignal:4.7.3] AndroidManifest.xml:11:22-76
62    <uses-permission android:name="com.google.android.c2dm.permission.RECEIVE" /> <!-- START: ShortcutBadger -->
62-->[com.onesignal:OneSignal:4.7.3] AndroidManifest.xml:17:5-82
62-->[com.onesignal:OneSignal:4.7.3] AndroidManifest.xml:17:22-79
63    <!-- Samsung -->
64    <uses-permission android:name="com.sec.android.provider.badge.permission.READ" />
64-->[com.onesignal:OneSignal:4.7.3] AndroidManifest.xml:31:5-86
64-->[com.onesignal:OneSignal:4.7.3] AndroidManifest.xml:31:22-83
65    <uses-permission android:name="com.sec.android.provider.badge.permission.WRITE" /> <!-- HTC -->
65-->[com.onesignal:OneSignal:4.7.3] AndroidManifest.xml:32:5-87
65-->[com.onesignal:OneSignal:4.7.3] AndroidManifest.xml:32:22-84
66    <uses-permission android:name="com.htc.launcher.permission.READ_SETTINGS" />
66-->[com.onesignal:OneSignal:4.7.3] AndroidManifest.xml:33:5-81
66-->[com.onesignal:OneSignal:4.7.3] AndroidManifest.xml:33:22-78
67    <uses-permission android:name="com.htc.launcher.permission.UPDATE_SHORTCUT" /> <!-- Sony -->
67-->[com.onesignal:OneSignal:4.7.3] AndroidManifest.xml:34:5-83
67-->[com.onesignal:OneSignal:4.7.3] AndroidManifest.xml:34:22-80
68    <uses-permission android:name="com.sonyericsson.home.permission.BROADCAST_BADGE" />
68-->[com.onesignal:OneSignal:4.7.3] AndroidManifest.xml:35:5-88
68-->[com.onesignal:OneSignal:4.7.3] AndroidManifest.xml:35:22-85
69    <uses-permission android:name="com.sonymobile.home.permission.PROVIDER_INSERT_BADGE" /> <!-- Apex -->
69-->[com.onesignal:OneSignal:4.7.3] AndroidManifest.xml:36:5-92
69-->[com.onesignal:OneSignal:4.7.3] AndroidManifest.xml:36:22-89
70    <uses-permission android:name="com.anddoes.launcher.permission.UPDATE_COUNT" /> <!-- Solid -->
70-->[com.onesignal:OneSignal:4.7.3] AndroidManifest.xml:37:5-84
70-->[com.onesignal:OneSignal:4.7.3] AndroidManifest.xml:37:22-81
71    <uses-permission android:name="com.majeur.launcher.permission.UPDATE_BADGE" /> <!-- Huawei -->
71-->[com.onesignal:OneSignal:4.7.3] AndroidManifest.xml:38:5-83
71-->[com.onesignal:OneSignal:4.7.3] AndroidManifest.xml:38:22-80
72    <uses-permission android:name="com.huawei.android.launcher.permission.CHANGE_BADGE" />
72-->[com.onesignal:OneSignal:4.7.3] AndroidManifest.xml:39:5-91
72-->[com.onesignal:OneSignal:4.7.3] AndroidManifest.xml:39:22-88
73    <uses-permission android:name="com.huawei.android.launcher.permission.READ_SETTINGS" />
73-->[com.onesignal:OneSignal:4.7.3] AndroidManifest.xml:40:5-92
73-->[com.onesignal:OneSignal:4.7.3] AndroidManifest.xml:40:22-89
74    <uses-permission android:name="com.huawei.android.launcher.permission.WRITE_SETTINGS" /> <!-- ZUK -->
74-->[com.onesignal:OneSignal:4.7.3] AndroidManifest.xml:41:5-93
74-->[com.onesignal:OneSignal:4.7.3] AndroidManifest.xml:41:22-90
75    <uses-permission android:name="android.permission.READ_APP_BADGE" /> <!-- OPPO -->
75-->[com.onesignal:OneSignal:4.7.3] AndroidManifest.xml:42:5-73
75-->[com.onesignal:OneSignal:4.7.3] AndroidManifest.xml:42:22-70
76    <uses-permission android:name="com.oppo.launcher.permission.READ_SETTINGS" />
76-->[com.onesignal:OneSignal:4.7.3] AndroidManifest.xml:43:5-82
76-->[com.onesignal:OneSignal:4.7.3] AndroidManifest.xml:43:22-79
77    <uses-permission android:name="com.oppo.launcher.permission.WRITE_SETTINGS" /> <!-- EvMe -->
77-->[com.onesignal:OneSignal:4.7.3] AndroidManifest.xml:44:5-83
77-->[com.onesignal:OneSignal:4.7.3] AndroidManifest.xml:44:22-80
78    <uses-permission android:name="me.everything.badger.permission.BADGE_COUNT_READ" />
78-->[com.onesignal:OneSignal:4.7.3] AndroidManifest.xml:45:5-88
78-->[com.onesignal:OneSignal:4.7.3] AndroidManifest.xml:45:22-85
79    <uses-permission android:name="me.everything.badger.permission.BADGE_COUNT_WRITE" />
79-->[com.onesignal:OneSignal:4.7.3] AndroidManifest.xml:46:5-89
79-->[com.onesignal:OneSignal:4.7.3] AndroidManifest.xml:46:22-86
80    <uses-permission android:name="com.google.android.gms.permission.AD_ID" />
80-->[com.google.android.gms:play-services-measurement-api:21.0.0] AndroidManifest.xml:25:5-79
80-->[com.google.android.gms:play-services-measurement-api:21.0.0] AndroidManifest.xml:25:22-76
81
82    <uses-feature
82-->[com.google.android.gms:play-services-maps:18.0.2] AndroidManifest.xml:26:5-28:35
83        android:glEsVersion="0x00020000"
83-->[com.google.android.gms:play-services-maps:18.0.2] AndroidManifest.xml:27:9-41
84        android:required="true" />
84-->[com.google.android.gms:play-services-maps:18.0.2] AndroidManifest.xml:28:9-32
85
86    <uses-permission android:name="com.google.android.finsky.permission.BIND_GET_INSTALL_REFERRER_SERVICE" /> <!-- <queries> -->
86-->[com.google.android.gms:play-services-measurement:21.0.0] AndroidManifest.xml:26:5-110
86-->[com.google.android.gms:play-services-measurement:21.0.0] AndroidManifest.xml:26:22-107
87    <!-- <intent> -->
88    <!-- <action android:name="android.intent.action.VIEW" /> -->
89    <!-- <data android:scheme="https" /> -->
90    <!-- </intent> -->
91    <!-- <intent> -->
92    <!-- <action android:name="android.intent.action.DIAL" /> -->
93    <!-- <data android:scheme="tel" /> -->
94    <!-- </intent> -->
95    <!-- <intent> -->
96    <!-- <action android:name="android.intent.action.SEND" /> -->
97    <!-- <data android:mimeType="*/*" /> -->
98    <!-- </intent> -->
99    <!-- </queries> -->
100    <application
100-->src\main\AndroidManifest.xml:54:5-120:19
101        android:appComponentFactory="androidx.core.app.CoreComponentFactory"
101-->[androidx.core:core:1.8.0] AndroidManifest.xml:24:18-86
102        android:icon="@mipmap/ic_launcher"
102-->src\main\AndroidManifest.xml:56:9-43
103        android:label="Transport App" >
103-->src\main\AndroidManifest.xml:55:9-38
104        <provider
105            android:name="androidx.core.content.FileProvider"
105-->src\main\AndroidManifest.xml:58:13-62
106            android:authorities="com.liveasy.liveasy.com.shekarmudaliyar.social_share"
106-->src\main\AndroidManifest.xml:59:13-84
107            android:exported="false"
107-->src\main\AndroidManifest.xml:60:13-37
108            android:grantUriPermissions="true" >
108-->src\main\AndroidManifest.xml:61:13-47
109            <meta-data
109-->src\main\AndroidManifest.xml:63:13-65:53
110                android:name="android.support.FILE_PROVIDER_PATHS"
110-->src\main\AndroidManifest.xml:64:17-67
111                android:resource="@xml/filepaths" />
111-->src\main\AndroidManifest.xml:65:17-50
112        </provider>
113
114        <activity
114-->src\main\AndroidManifest.xml:67:9-95:20
115            android:name="com.liveasy.liveasy.MainActivity"
115-->src\main\AndroidManifest.xml:69:13-41
116            android:configChanges="orientation|keyboardHidden|keyboard|screenSize|smallestScreenSize|locale|layoutDirection|fontScale|screenLayout|density|uiMode"
116-->src\main\AndroidManifest.xml:72:13-163
117            android:exported="true"
117-->src\main\AndroidManifest.xml:68:13-36
118            android:hardwareAccelerated="true"
118-->src\main\AndroidManifest.xml:73:13-47
119            android:launchMode="singleTop"
119-->src\main\AndroidManifest.xml:70:13-43
120            android:theme="@style/LaunchTheme"
120-->src\main\AndroidManifest.xml:71:13-47
121            android:windowSoftInputMode="adjustResize" >
121-->src\main\AndroidManifest.xml:74:13-55
122
123            <!--
124                 Specifies an Android theme to apply to this Activity as soon as
125                 the Android process has started. This theme is visible to the user
126                 while the Flutter UI initializes. After that, this theme continues
127                 to determine the Window background behind the Flutter UI.
128            -->
129            <meta-data
129-->src\main\AndroidManifest.xml:79:13-81:57
130                android:name="io.flutter.embedding.android.NormalTheme"
130-->src\main\AndroidManifest.xml:80:17-72
131                android:resource="@style/NormalTheme" />
131-->src\main\AndroidManifest.xml:81:17-54
132            <!--
133                 Displays an Android View that continues showing the launch screen
134                 Drawable until Flutter paints its first frame, then this splash
135                 screen fades out. A splash screen is useful to avoid any visual
136                 gap between the end of Android's launch screen and the painting of
137                 Flutter's first frame.
138            -->
139            <meta-data
139-->src\main\AndroidManifest.xml:87:13-89:66
140                android:name="io.flutter.embedding.android.SplashScreenDrawable"
140-->src\main\AndroidManifest.xml:88:17-81
141                android:resource="@drawable/launch_background" />
141-->src\main\AndroidManifest.xml:89:17-63
142
143            <intent-filter>
143-->src\main\AndroidManifest.xml:91:13-94:29
144                <action android:name="android.intent.action.MAIN" />
144-->src\main\AndroidManifest.xml:92:17-69
144-->src\main\AndroidManifest.xml:92:25-66
145
146                <category android:name="android.intent.category.LAUNCHER" />
146-->src\main\AndroidManifest.xml:93:17-77
146-->src\main\AndroidManifest.xml:93:27-74
147            </intent-filter>
148        </activity>
149        <!--
150             Don't delete the meta-data below.
151             This is used by the Flutter tool to generate GeneratedPluginRegistrant.java
152        -->
153        <meta-data
153-->src\main\AndroidManifest.xml:98:9-100:33
154            android:name="flutterEmbedding"
154-->src\main\AndroidManifest.xml:99:13-44
155            android:value="2" />
155-->src\main\AndroidManifest.xml:100:13-30
156        <meta-data
156-->src\main\AndroidManifest.xml:102:9-103:70
157            android:name="com.google.android.geo.API_KEY"
157-->src\main\AndroidManifest.xml:102:20-65
158            android:value="AIzaSyCPU872xIfRhjvtdLViTDbj0EnIBuxlcSs" />
158-->src\main\AndroidManifest.xml:103:13-68
159
160        <service
160-->src\main\AndroidManifest.xml:105:9-108:39
161            android:name="dev.fluttercommunity.plus.androidalarmmanager.AlarmService"
161-->src\main\AndroidManifest.xml:106:13-86
162            android:exported="false"
162-->src\main\AndroidManifest.xml:108:13-37
163            android:permission="android.permission.BIND_JOB_SERVICE" />
163-->src\main\AndroidManifest.xml:107:13-69
164
165        <receiver
165-->src\main\AndroidManifest.xml:109:9-111:39
166            android:name="dev.fluttercommunity.plus.androidalarmmanager.AlarmBroadcastReceiver"
166-->src\main\AndroidManifest.xml:110:13-96
167            android:exported="false" />
167-->src\main\AndroidManifest.xml:111:13-37
168        <receiver
168-->src\main\AndroidManifest.xml:112:9-119:20
169            android:name="dev.fluttercommunity.plus.androidalarmmanager.RebootBroadcastReceiver"
169-->src\main\AndroidManifest.xml:113:13-97
170            android:enabled="false"
170-->src\main\AndroidManifest.xml:115:13-36
171            android:exported="false" >
171-->src\main\AndroidManifest.xml:114:13-37
172            <intent-filter>
172-->src\main\AndroidManifest.xml:116:13-118:29
173                <action android:name="android.intent.action.BOOT_COMPLETED" />
173-->src\main\AndroidManifest.xml:117:17-86
173-->src\main\AndroidManifest.xml:117:25-76
174            </intent-filter>
175        </receiver>
176
177        <service
177-->[:firebase_database] AndroidManifest.xml:8:9-12:19
178            android:name="com.google.firebase.components.ComponentDiscoveryService"
178-->[:firebase_database] AndroidManifest.xml:8:18-89
179            android:directBootAware="true"
179-->[com.google.firebase:firebase-common:20.1.1] AndroidManifest.xml:35:13-43
180            android:exported="false" >
180-->[com.google.firebase:firebase-auth:21.0.5] AndroidManifest.xml:66:13-37
181            <meta-data
181-->[:firebase_database] AndroidManifest.xml:9:13-11:85
182                android:name="com.google.firebase.components:io.flutter.plugins.firebase.database.FlutterFirebaseAppRegistrar"
182-->[:firebase_database] AndroidManifest.xml:10:17-127
183                android:value="com.google.firebase.components.ComponentRegistrar" />
183-->[:firebase_database] AndroidManifest.xml:11:17-82
184            <meta-data
184-->[:firebase_messaging] AndroidManifest.xml:34:13-36:85
185                android:name="com.google.firebase.components:io.flutter.plugins.firebase.messaging.FlutterFirebaseAppRegistrar"
185-->[:firebase_messaging] AndroidManifest.xml:35:17-128
186                android:value="com.google.firebase.components.ComponentRegistrar" />
186-->[:firebase_messaging] AndroidManifest.xml:36:17-82
187            <meta-data
187-->[:firebase_dynamic_links] AndroidManifest.xml:11:13-13:85
188                android:name="com.google.firebase.components:io.flutter.plugins.firebasedynamiclinks.FlutterFirebaseAppRegistrar"
188-->[:firebase_dynamic_links] AndroidManifest.xml:12:17-130
189                android:value="com.google.firebase.components.ComponentRegistrar" />
189-->[:firebase_dynamic_links] AndroidManifest.xml:13:17-82
190            <meta-data
190-->[:firebase_auth] AndroidManifest.xml:9:13-11:85
191                android:name="com.google.firebase.components:io.flutter.plugins.firebase.auth.FlutterFirebaseAuthRegistrar"
191-->[:firebase_auth] AndroidManifest.xml:10:17-124
192                android:value="com.google.firebase.components.ComponentRegistrar" />
192-->[:firebase_auth] AndroidManifest.xml:11:17-82
193            <meta-data
193-->[:firebase_remote_config] AndroidManifest.xml:9:13-11:85
194                android:name="com.google.firebase.components:io.flutter.plugins.firebase.firebaseremoteconfig.FlutterFirebaseAppRegistrar"
194-->[:firebase_remote_config] AndroidManifest.xml:10:17-139
195                android:value="com.google.firebase.components.ComponentRegistrar" />
195-->[:firebase_remote_config] AndroidManifest.xml:11:17-82
196            <meta-data
196-->[:firebase_core] AndroidManifest.xml:9:13-11:85
197                android:name="com.google.firebase.components:io.flutter.plugins.firebase.core.FlutterFirebaseCoreRegistrar"
197-->[:firebase_core] AndroidManifest.xml:10:17-124
198                android:value="com.google.firebase.components.ComponentRegistrar" />
198-->[:firebase_core] AndroidManifest.xml:11:17-82
199            <meta-data
199-->[com.google.firebase:firebase-auth:21.0.5] AndroidManifest.xml:67:13-69:85
200                android:name="com.google.firebase.components:com.google.firebase.auth.FirebaseAuthRegistrar"
200-->[com.google.firebase:firebase-auth:21.0.5] AndroidManifest.xml:68:17-109
201                android:value="com.google.firebase.components.ComponentRegistrar" />
201-->[com.google.firebase:firebase-auth:21.0.5] AndroidManifest.xml:69:17-82
202            <meta-data
202-->[com.google.firebase:firebase-messaging:23.0.5] AndroidManifest.xml:55:13-57:85
203                android:name="com.google.firebase.components:com.google.firebase.messaging.FirebaseMessagingRegistrar"
203-->[com.google.firebase:firebase-messaging:23.0.5] AndroidManifest.xml:56:17-119
204                android:value="com.google.firebase.components.ComponentRegistrar" />
204-->[com.google.firebase:firebase-messaging:23.0.5] AndroidManifest.xml:57:17-82
205            <meta-data
205-->[com.google.firebase:firebase-datatransport:18.1.4] AndroidManifest.xml:28:13-30:85
206                android:name="com.google.firebase.components:com.google.firebase.datatransport.TransportRegistrar"
206-->[com.google.firebase:firebase-datatransport:18.1.4] AndroidManifest.xml:29:17-115
207                android:value="com.google.firebase.components.ComponentRegistrar" />
207-->[com.google.firebase:firebase-datatransport:18.1.4] AndroidManifest.xml:30:17-82
208            <meta-data
208-->[com.google.firebase:firebase-config:21.1.0] AndroidManifest.xml:32:13-34:85
209                android:name="com.google.firebase.components:com.google.firebase.remoteconfig.RemoteConfigRegistrar"
209-->[com.google.firebase:firebase-config:21.1.0] AndroidManifest.xml:33:17-117
210                android:value="com.google.firebase.components.ComponentRegistrar" />
210-->[com.google.firebase:firebase-config:21.1.0] AndroidManifest.xml:34:17-82
211            <meta-data
211-->[com.google.firebase:firebase-dynamic-links:21.0.1] AndroidManifest.xml:27:13-29:85
212                android:name="com.google.firebase.components:com.google.firebase.dynamiclinks.internal.FirebaseDynamicLinkRegistrar"
212-->[com.google.firebase:firebase-dynamic-links:21.0.1] AndroidManifest.xml:28:17-133
213                android:value="com.google.firebase.components.ComponentRegistrar" />
213-->[com.google.firebase:firebase-dynamic-links:21.0.1] AndroidManifest.xml:29:17-82
214            <meta-data
214-->[com.google.firebase:firebase-database:20.0.5] AndroidManifest.xml:32:13-34:85
215                android:name="com.google.firebase.components:com.google.firebase.database.DatabaseRegistrar"
215-->[com.google.firebase:firebase-database:20.0.5] AndroidManifest.xml:33:17-109
216                android:value="com.google.firebase.components.ComponentRegistrar" />
216-->[com.google.firebase:firebase-database:20.0.5] AndroidManifest.xml:34:17-82
217            <meta-data
217-->[com.google.android.gms:play-services-measurement-api:21.0.0] AndroidManifest.xml:31:13-33:85
218                android:name="com.google.firebase.components:com.google.firebase.analytics.connector.internal.AnalyticsConnectorRegistrar"
218-->[com.google.android.gms:play-services-measurement-api:21.0.0] AndroidManifest.xml:32:17-139
219                android:value="com.google.firebase.components.ComponentRegistrar" />
219-->[com.google.android.gms:play-services-measurement-api:21.0.0] AndroidManifest.xml:33:17-82
220            <meta-data
220-->[com.google.firebase:firebase-installations:17.0.1] AndroidManifest.xml:18:13-20:85
221                android:name="com.google.firebase.components:com.google.firebase.installations.FirebaseInstallationsRegistrar"
221-->[com.google.firebase:firebase-installations:17.0.1] AndroidManifest.xml:19:17-127
222                android:value="com.google.firebase.components.ComponentRegistrar" />
222-->[com.google.firebase:firebase-installations:17.0.1] AndroidManifest.xml:20:17-82
223            <meta-data
223-->[com.google.firebase:firebase-abt:21.0.1] AndroidManifest.xml:13:13-15:85
224                android:name="com.google.firebase.components:com.google.firebase.abt.component.AbtRegistrar"
224-->[com.google.firebase:firebase-abt:21.0.1] AndroidManifest.xml:14:17-109
225                android:value="com.google.firebase.components.ComponentRegistrar" />
225-->[com.google.firebase:firebase-abt:21.0.1] AndroidManifest.xml:15:17-82
226        </service>
227        <service
227-->[:firebase_messaging] AndroidManifest.xml:12:9-15:72
228            android:name="io.flutter.plugins.firebase.messaging.FlutterFirebaseMessagingBackgroundService"
228-->[:firebase_messaging] AndroidManifest.xml:13:13-107
229            android:exported="false"
229-->[:firebase_messaging] AndroidManifest.xml:14:13-37
230            android:permission="android.permission.BIND_JOB_SERVICE" />
230-->[:firebase_messaging] AndroidManifest.xml:15:13-69
231        <service
231-->[:firebase_messaging] AndroidManifest.xml:16:9-22:19
232            android:name="io.flutter.plugins.firebase.messaging.FlutterFirebaseMessagingService"
232-->[:firebase_messaging] AndroidManifest.xml:17:13-97
233            android:exported="false" >
233-->[:firebase_messaging] AndroidManifest.xml:18:13-37
234            <intent-filter>
234-->[:firebase_messaging] AndroidManifest.xml:19:13-21:29
235                <action android:name="com.google.firebase.MESSAGING_EVENT" />
235-->[:firebase_messaging] AndroidManifest.xml:20:17-78
235-->[:firebase_messaging] AndroidManifest.xml:20:25-75
236            </intent-filter>
237        </service>
238
239        <receiver
239-->[:firebase_messaging] AndroidManifest.xml:24:9-31:20
240            android:name="io.flutter.plugins.firebase.messaging.FlutterFirebaseMessagingReceiver"
240-->[:firebase_messaging] AndroidManifest.xml:25:13-98
241            android:exported="true"
241-->[:firebase_messaging] AndroidManifest.xml:26:13-36
242            android:permission="com.google.android.c2dm.permission.SEND" >
242-->[:firebase_messaging] AndroidManifest.xml:27:13-73
243            <intent-filter>
243-->[:firebase_messaging] AndroidManifest.xml:28:13-30:29
244                <action android:name="com.google.android.c2dm.intent.RECEIVE" />
244-->[:firebase_messaging] AndroidManifest.xml:29:17-81
244-->[:firebase_messaging] AndroidManifest.xml:29:25-78
245            </intent-filter>
246        </receiver>
247
248        <provider
248-->[:firebase_messaging] AndroidManifest.xml:39:9-43:38
249            android:name="io.flutter.plugins.firebase.messaging.FlutterFirebaseMessagingInitProvider"
249-->[:firebase_messaging] AndroidManifest.xml:40:13-102
250            android:authorities="com.liveasy.liveasy.flutterfirebasemessaginginitprovider"
250-->[:firebase_messaging] AndroidManifest.xml:41:13-88
251            android:exported="false"
251-->[:firebase_messaging] AndroidManifest.xml:42:13-37
252            android:initOrder="99" />
252-->[:firebase_messaging] AndroidManifest.xml:43:13-35
253
254        <service
254-->[:geolocator_android] AndroidManifest.xml:10:9-14:56
255            android:name="com.baseflow.geolocator.GeolocatorLocationService"
255-->[:geolocator_android] AndroidManifest.xml:11:13-77
256            android:enabled="true"
256-->[:geolocator_android] AndroidManifest.xml:12:13-35
257            android:exported="false"
257-->[:geolocator_android] AndroidManifest.xml:13:13-37
258            android:foregroundServiceType="location" />
258-->[:geolocator_android] AndroidManifest.xml:14:13-53
259
260        <receiver
260-->[:flutter_local_notifications] AndroidManifest.xml:13:9-15:40
261            android:name="com.dexterous.flutterlocalnotifications.ScheduledNotificationReceiver"
261-->[:flutter_local_notifications] AndroidManifest.xml:14:13-97
262            android:exported="false" />
262-->[:flutter_local_notifications] AndroidManifest.xml:15:13-37
263        <receiver
263-->[:flutter_local_notifications] AndroidManifest.xml:16:9-25:20
264            android:name="com.dexterous.flutterlocalnotifications.ScheduledNotificationBootReceiver"
264-->[:flutter_local_notifications] AndroidManifest.xml:17:13-101
265            android:exported="false" >
265-->[:flutter_local_notifications] AndroidManifest.xml:18:13-37
266            <intent-filter>
266-->[:flutter_local_notifications] AndroidManifest.xml:19:13-24:29
267                <action android:name="android.intent.action.BOOT_COMPLETED" />
267-->src\main\AndroidManifest.xml:117:17-86
267-->src\main\AndroidManifest.xml:117:25-76
268                <action android:name="android.intent.action.MY_PACKAGE_REPLACED" />
268-->[:flutter_local_notifications] AndroidManifest.xml:21:17-84
268-->[:flutter_local_notifications] AndroidManifest.xml:21:25-81
269                <action android:name="android.intent.action.QUICKBOOT_POWERON" />
269-->[:flutter_local_notifications] AndroidManifest.xml:22:17-82
269-->[:flutter_local_notifications] AndroidManifest.xml:22:25-79
270                <action android:name="com.htc.intent.action.QUICKBOOT_POWERON" />
270-->[:flutter_local_notifications] AndroidManifest.xml:23:17-82
270-->[:flutter_local_notifications] AndroidManifest.xml:23:25-79
271            </intent-filter>
272        </receiver>
273